{"contracts\\votingSystem.sol":{"l":{"10":6,"14":6,"15":5,"17":4,"18":4,"22":7,"23":11,"27":6,"30":1,"34":2,"35":2,"39":0},"path":"C:\\Users\\sibir\\project-atlas\\contracts\\votingSystem.sol","s":{"1":6,"2":5,"3":7,"4":11,"5":6,"6":1,"7":2,"8":2,"9":0},"b":{"1":[5,1],"2":[4,1],"3":[6,5],"4":[2,0]},"f":{"1":6,"2":6,"3":7,"4":2,"5":0},"fnMap":{"1":{"name":"constructor","line":9,"loc":{"start":{"line":9,"column":4},"end":{"line":11,"column":4}}},"2":{"name":"vote","line":13,"loc":{"start":{"line":13,"column":4},"end":{"line":19,"column":4}}},"3":{"name":"validCandidate","line":21,"loc":{"start":{"line":21,"column":4},"end":{"line":31,"column":4}}},"4":{"name":"totalVotesFor","line":33,"loc":{"start":{"line":33,"column":4},"end":{"line":36,"column":4}}},"5":{"name":"getAllCandidates","line":38,"loc":{"start":{"line":38,"column":4},"end":{"line":40,"column":4}}}},"statementMap":{"1":{"start":{"line":14,"column":8},"end":{"line":14,"column":64}},"2":{"start":{"line":15,"column":8},"end":{"line":15,"column":63}},"3":{"start":{"line":22,"column":8},"end":{"line":22,"column":690}},"4":{"start":{"line":23,"column":12},"end":{"line":23,"column":757}},"5":{"start":{"line":27,"column":16},"end":{"line":27,"column":27}},"6":{"start":{"line":30,"column":8},"end":{"line":30,"column":20}},"7":{"start":{"line":34,"column":8},"end":{"line":34,"column":63}},"8":{"start":{"line":35,"column":8},"end":{"line":35,"column":39}},"9":{"start":{"line":39,"column":8},"end":{"line":39,"column":25}}},"branchMap":{"1":{"line":14,"type":"if","locations":[{"start":{"line":14,"column":8},"end":{"line":14,"column":8}},{"start":{"line":14,"column":8},"end":{"line":14,"column":8}}]},"2":{"line":15,"type":"if","locations":[{"start":{"line":15,"column":8},"end":{"line":15,"column":8}},{"start":{"line":15,"column":8},"end":{"line":15,"column":8}}]},"3":{"line":23,"type":"if","locations":[{"start":{"line":23,"column":12},"end":{"line":23,"column":12}},{"start":{"line":23,"column":12},"end":{"line":23,"column":12}}]},"4":{"line":34,"type":"if","locations":[{"start":{"line":34,"column":8},"end":{"line":34,"column":8}},{"start":{"line":34,"column":8},"end":{"line":34,"column":8}}]}}}}