TN:
SF:C:\Users\sibir\project-atlas\contracts\votingSystem.sol
FN:9,constructor
FN:13,vote
FN:21,validCandidate
FN:33,totalVotesFor
FN:38,getAllCandidates
FNF:5
FNH:4
FNDA:6,constructor
FNDA:6,vote
FNDA:7,validCandidate
FNDA:2,totalVotesFor
FNDA:0,getAllCandidates
DA:10,6
DA:14,6
DA:15,5
DA:17,4
DA:18,4
DA:22,7
DA:23,11
DA:27,6
DA:30,1
DA:34,2
DA:35,2
DA:39,0
LF:12
LH:11
BRDA:14,1,0,5
BRDA:14,1,1,1
BRDA:15,2,0,4
BRDA:15,2,1,1
BRDA:23,3,0,6
BRDA:23,3,1,5
BRDA:34,4,0,2
BRDA:34,4,1,0
BRF:8
BRH:7
end_of_record
